......                                                                   [100%]
================================ tests coverage ================================
_______________ coverage: platform darwin, python 3.12.8-final-0 _______________

Name                      Stmts   Miss  Cover   Missing
-------------------------------------------------------
src/services/metrics.py      46      1    98%   60
-------------------------------------------------------
TOTAL                        46      1    98%
Required test coverage of 90% reached. Total coverage: 97.83%
