........................................................................ [ 46%]
........................................................................ [ 92%]
............                                                             [100%]
================================ tests coverage ================================
_______________ coverage: platform darwin, python 3.12.8-final-0 _______________

Name                             Stmts   Miss  Cover   Missing
--------------------------------------------------------------
src/__init__.py                      0      0   100%
src/errors.py                        7      0   100%
src/models/__init__.py               2      0   100%
src/services/metrics.py             46      0   100%
src/utils/pipeline_failures.py      16      2    88%   43-50
--------------------------------------------------------------
TOTAL                               71      2    97%
Coverage XML written to file coverage.xml
Required test coverage of 90% reached. Total coverage: 97.18%
